<?xml version="1.0" encoding="UTF-8"?>
<!-- Generated by org.testng.reporters.JUnitReportReporter -->
<testsuite hostname="DESKTOP-2GLKO1G" failures="0" tests="3" name="testNG.EnableProcess" time="0.025" errors="0" timestamp="2023-09-27T10:50:07 IST" skipped="1">
  <testcase classname="testNG.EnableProcess" name="siddharth" time="0.015"/>
  <testcase classname="testNG.EnableProcess" name="kiara" time="0.010"/>
  <testcase classname="testNG.EnableProcess" name="ranbeer">
    <skipped/>
  </testcase> <!-- ranbeer -->
</testsuite> <!-- testNG.EnableProcess -->
