<?xml version="1.0" encoding="UTF-8"?>
<!-- Generated by org.testng.reporters.JUnitReportReporter -->
<testsuite hostname="DESKTOP-2GLKO1G" failures="0" tests="3" name="testNG.Priority" time="0.013" errors="0" timestamp="2023-09-27T10:50:07 IST" skipped="0">
  <testcase classname="testNG.Priority" name="verifyLogin" time="0.003"/>
  <testcase classname="testNG.Priority" name="closeBrowser" time="0.006"/>
  <testcase classname="testNG.Priority" name="launchUrl" time="0.004"/>
</testsuite> <!-- testNG.Priority -->
