<?xml version="1.0" encoding="UTF-8"?>
<!-- Generated by org.testng.reporters.JUnitReportReporter -->
<testsuite hostname="DESKTOP-2GLKO1G" failures="0" tests="2" name="testNG.DependsOnMethodDemo" time="0.008" errors="0" timestamp="2023-09-27T10:50:07 IST" skipped="0">
  <testcase classname="testNG.DependsOnMethodDemo" name="closeBrowser" time="0.005"/>
  <testcase classname="testNG.DependsOnMethodDemo" name="enterUrl" time="0.003"/>
</testsuite> <!-- testNG.DependsOnMethodDemo -->
