<?xml version="1.0" encoding="UTF-8"?>
<!-- Generated by org.testng.reporters.JUnitReportReporter -->
<testsuite hostname="DESKTOP-2GLKO1G" failures="0" tests="2" name="testNG.A" time="0.018" errors="0" timestamp="2023-09-27T10:50:07 IST" skipped="0">
  <testcase classname="testNG.A" name="c" time="0.012"/>
  <testcase classname="testNG.A" name="d" time="0.006"/>
</testsuite> <!-- testNG.A -->
