<?xml version="1.0" encoding="UTF-8"?>
<!-- Generated by org.testng.reporters.JUnitReportReporter -->
<testsuite hostname="DESKTOP-2GLKO1G" failures="0" tests="3" name="testNG.SameAnnotation" time="0.017" errors="0" timestamp="2023-09-27T10:50:07 IST" skipped="0">
  <testcase classname="testNG.SameAnnotation" name="ranbeer" time="0.004"/>
  <testcase classname="testNG.SameAnnotation" name="kiara" time="0.006"/>
  <testcase classname="testNG.SameAnnotation" name="siddharth" time="0.007"/>
</testsuite> <!-- testNG.SameAnnotation -->
