<?xml version="1.0" encoding="UTF-8"?>
<!-- Generated by org.testng.reporters.JUnitReportReporter -->
<testsuite hostname="DESKTOP-2GLKO1G" failures="0" tests="3" name="testNG.Priority4" time="0.007" errors="0" timestamp="2023-09-27T10:50:07 IST" skipped="0">
  <testcase classname="testNG.Priority4" name="launchUrl" time="0.003"/>
  <testcase classname="testNG.Priority4" name="verifyLogin" time="0.002"/>
  <testcase classname="testNG.Priority4" name="closeBrowser" time="0.002"/>
</testsuite> <!-- testNG.Priority4 -->
