<?xml version="1.0" encoding="UTF-8"?>
<!-- Generated by org.testng.reporters.JUnitReportReporter -->
<testsuite hostname="DESKTOP-2GLKO1G" failures="0" tests="3" name="testNG.Priority2" time="0.025" errors="0" timestamp="2023-09-27T10:50:07 IST" skipped="0">
  <testcase classname="testNG.Priority2" name="launchUrl" time="0.008"/>
  <testcase classname="testNG.Priority2" name="verifyLogin" time="0.006"/>
  <testcase classname="testNG.Priority2" name="closeBrowser" time="0.011"/>
</testsuite> <!-- testNG.Priority2 -->
